mode: set
github.com/zajcev/gofer-mart/cmd/gophermart/main.go:16.13,18.16 2 0
github.com/zajcev/gofer-mart/cmd/gophermart/main.go:18.16,20.3 1 0
github.com/zajcev/gofer-mart/cmd/gophermart/main.go:22.2,32.12 8 0
github.com/zajcev/gofer-mart/cmd/gophermart/main.go:32.12,33.77 1 0
github.com/zajcev/gofer-mart/cmd/gophermart/main.go:33.77,35.4 1 0
github.com/zajcev/gofer-mart/cmd/gophermart/main.go:38.2,38.12 1 0
github.com/zajcev/gofer-mart/cmd/gophermart/main.go:38.12,40.79 2 0
github.com/zajcev/gofer-mart/cmd/gophermart/main.go:40.79,42.4 1 0
github.com/zajcev/gofer-mart/cmd/gophermart/main.go:45.2,48.12 4 0
github.com/zajcev/gofer-mart/internal/gophermart/server/router.go:10.50,33.2 16 0
github.com/zajcev/gofer-mart/internal/gophermart/server/handlers/balance.go:21.96,23.2 1 1
github.com/zajcev/gofer-mart/internal/gophermart/server/handlers/balance.go:25.78,30.17 4 1
github.com/zajcev/gofer-mart/internal/gophermart/server/handlers/balance.go:30.17,33.3 2 1
github.com/zajcev/gofer-mart/internal/gophermart/server/handlers/balance.go:34.2,35.16 2 1
github.com/zajcev/gofer-mart/internal/gophermart/server/handlers/balance.go:35.16,38.3 2 1
github.com/zajcev/gofer-mart/internal/gophermart/server/handlers/balance.go:39.2,40.16 2 1
github.com/zajcev/gofer-mart/internal/gophermart/server/handlers/balance.go:40.16,43.3 2 1
github.com/zajcev/gofer-mart/internal/gophermart/server/handlers/balance.go:44.2,46.16 3 1
github.com/zajcev/gofer-mart/internal/gophermart/server/handlers/balance.go:46.16,49.3 2 0
github.com/zajcev/gofer-mart/internal/gophermart/server/handlers/balance.go:50.2,51.16 2 1
github.com/zajcev/gofer-mart/internal/gophermart/server/handlers/balance.go:51.16,53.3 1 0
github.com/zajcev/gofer-mart/internal/gophermart/server/handlers/orders.go:22.88,24.2 1 1
github.com/zajcev/gofer-mart/internal/gophermart/server/handlers/orders.go:26.77,31.17 4 1
github.com/zajcev/gofer-mart/internal/gophermart/server/handlers/orders.go:31.17,34.3 2 1
github.com/zajcev/gofer-mart/internal/gophermart/server/handlers/orders.go:35.2,37.16 3 1
github.com/zajcev/gofer-mart/internal/gophermart/server/handlers/orders.go:37.16,39.3 1 0
github.com/zajcev/gofer-mart/internal/gophermart/server/handlers/orders.go:40.2,42.16 3 1
github.com/zajcev/gofer-mart/internal/gophermart/server/handlers/orders.go:42.16,44.3 1 0
github.com/zajcev/gofer-mart/internal/gophermart/server/handlers/orders.go:45.2,45.33 1 1
github.com/zajcev/gofer-mart/internal/gophermart/server/handlers/orders.go:45.33,47.17 2 1
github.com/zajcev/gofer-mart/internal/gophermart/server/handlers/orders.go:47.17,49.4 1 0
github.com/zajcev/gofer-mart/internal/gophermart/server/handlers/orders.go:51.2,52.22 2 1
github.com/zajcev/gofer-mart/internal/gophermart/server/handlers/orders.go:52.22,55.3 2 0
github.com/zajcev/gofer-mart/internal/gophermart/server/handlers/orders.go:56.2,57.25 2 1
github.com/zajcev/gofer-mart/internal/gophermart/server/handlers/orders.go:60.75,66.16 5 1
github.com/zajcev/gofer-mart/internal/gophermart/server/handlers/orders.go:66.16,69.3 2 1
github.com/zajcev/gofer-mart/internal/gophermart/server/handlers/orders.go:70.2,70.17 1 1
github.com/zajcev/gofer-mart/internal/gophermart/server/handlers/orders.go:70.17,72.3 1 0
github.com/zajcev/gofer-mart/internal/gophermart/server/handlers/orders.go:73.2,75.16 3 1
github.com/zajcev/gofer-mart/internal/gophermart/server/handlers/orders.go:75.16,77.3 1 0
github.com/zajcev/gofer-mart/internal/gophermart/server/handlers/orders.go:78.2,80.16 3 1
github.com/zajcev/gofer-mart/internal/gophermart/server/handlers/orders.go:80.16,82.3 1 0
github.com/zajcev/gofer-mart/internal/gophermart/server/handlers/orders.go:83.2,84.16 2 1
github.com/zajcev/gofer-mart/internal/gophermart/server/handlers/orders.go:84.16,86.3 1 0
github.com/zajcev/gofer-mart/internal/gophermart/server/handlers/user.go:22.50,24.2 1 0
github.com/zajcev/gofer-mart/internal/gophermart/server/handlers/user.go:38.50,40.2 1 1
github.com/zajcev/gofer-mart/internal/gophermart/server/handlers/user.go:42.77,45.16 3 1
github.com/zajcev/gofer-mart/internal/gophermart/server/handlers/user.go:45.16,48.3 2 0
github.com/zajcev/gofer-mart/internal/gophermart/server/handlers/user.go:49.2,55.16 5 1
github.com/zajcev/gofer-mart/internal/gophermart/server/handlers/user.go:55.16,58.3 2 1
github.com/zajcev/gofer-mart/internal/gophermart/server/handlers/user.go:60.2,60.31 1 1
github.com/zajcev/gofer-mart/internal/gophermart/server/handlers/user.go:60.31,62.3 1 1
github.com/zajcev/gofer-mart/internal/gophermart/server/handlers/user.go:63.2,63.25 1 1
github.com/zajcev/gofer-mart/internal/gophermart/server/handlers/user.go:66.74,69.16 3 1
github.com/zajcev/gofer-mart/internal/gophermart/server/handlers/user.go:69.16,71.3 1 0
github.com/zajcev/gofer-mart/internal/gophermart/server/handlers/user.go:72.2,76.16 4 1
github.com/zajcev/gofer-mart/internal/gophermart/server/handlers/user.go:76.16,78.3 1 1
github.com/zajcev/gofer-mart/internal/gophermart/server/handlers/user.go:79.2,80.25 2 1
github.com/zajcev/gofer-mart/internal/gophermart/server/handlers/user.go:83.83,84.57 1 1
github.com/zajcev/gofer-mart/internal/gophermart/server/handlers/user.go:84.57,87.17 3 1
github.com/zajcev/gofer-mart/internal/gophermart/server/handlers/user.go:87.17,89.4 1 0
github.com/zajcev/gofer-mart/internal/gophermart/server/handlers/user.go:90.3,90.35 1 1
github.com/zajcev/gofer-mart/internal/gophermart/server/handlers/user.go:91.8,93.3 1 1
github.com/zajcev/gofer-mart/internal/gophermart/server/handlers/user.go:96.86,97.28 1 1
github.com/zajcev/gofer-mart/internal/gophermart/server/handlers/user.go:97.28,99.3 1 1
github.com/zajcev/gofer-mart/internal/gophermart/server/handlers/user.go:100.2,101.16 2 1
github.com/zajcev/gofer-mart/internal/gophermart/server/handlers/user.go:101.16,103.3 1 0
github.com/zajcev/gofer-mart/internal/gophermart/server/handlers/user.go:104.2,107.16 4 1
github.com/zajcev/gofer-mart/internal/gophermart/server/handlers/user.go:107.16,109.3 1 0
github.com/zajcev/gofer-mart/internal/gophermart/server/handlers/user.go:110.2,110.34 1 1
github.com/zajcev/gofer-mart/internal/gophermart/server/handlers/user.go:113.77,117.2 3 1
github.com/zajcev/gofer-mart/internal/gophermart/server/handlers/user.go:119.74,122.2 2 1
github.com/zajcev/gofer-mart/internal/gophermart/server/handlers/user.go:124.33,127.2 2 1
github.com/zajcev/gofer-mart/internal/gophermart/server/handlers/user.go:129.52,133.2 3 1
github.com/zajcev/gofer-mart/internal/gophermart/server/handlers/withdrawals.go:22.100,24.2 1 1
github.com/zajcev/gofer-mart/internal/gophermart/server/handlers/withdrawals.go:26.83,31.17 4 1
github.com/zajcev/gofer-mart/internal/gophermart/server/handlers/withdrawals.go:31.17,34.3 2 1
github.com/zajcev/gofer-mart/internal/gophermart/server/handlers/withdrawals.go:35.2,36.16 2 1
github.com/zajcev/gofer-mart/internal/gophermart/server/handlers/withdrawals.go:36.16,39.3 2 0
github.com/zajcev/gofer-mart/internal/gophermart/server/handlers/withdrawals.go:40.2,41.16 2 1
github.com/zajcev/gofer-mart/internal/gophermart/server/handlers/withdrawals.go:41.16,44.3 2 0
github.com/zajcev/gofer-mart/internal/gophermart/server/handlers/withdrawals.go:45.2,46.16 2 1
github.com/zajcev/gofer-mart/internal/gophermart/server/handlers/withdrawals.go:46.16,49.3 2 0
github.com/zajcev/gofer-mart/internal/gophermart/server/handlers/withdrawals.go:50.2,53.16 4 1
github.com/zajcev/gofer-mart/internal/gophermart/server/handlers/withdrawals.go:53.16,55.3 1 0
github.com/zajcev/gofer-mart/internal/gophermart/server/handlers/withdrawals.go:58.83,63.17 4 1
github.com/zajcev/gofer-mart/internal/gophermart/server/handlers/withdrawals.go:63.17,66.3 2 1
github.com/zajcev/gofer-mart/internal/gophermart/server/handlers/withdrawals.go:67.2,68.16 2 1
github.com/zajcev/gofer-mart/internal/gophermart/server/handlers/withdrawals.go:68.16,71.3 2 0
github.com/zajcev/gofer-mart/internal/gophermart/server/handlers/withdrawals.go:72.2,72.17 1 1
github.com/zajcev/gofer-mart/internal/gophermart/server/handlers/withdrawals.go:72.17,74.3 1 0
github.com/zajcev/gofer-mart/internal/gophermart/server/handlers/withdrawals.go:75.2,77.26 3 1
github.com/zajcev/gofer-mart/internal/gophermart/server/handlers/withdrawals.go:77.26,80.3 2 1
github.com/zajcev/gofer-mart/internal/gophermart/server/handlers/withdrawals.go:81.2,81.16 1 1
github.com/zajcev/gofer-mart/internal/gophermart/server/handlers/withdrawals.go:81.16,84.3 2 0
github.com/zajcev/gofer-mart/internal/gophermart/server/handlers/withdrawals.go:85.2,89.33 5 1
github.com/zajcev/gofer-mart/internal/gophermart/server/handlers/withdrawals.go:92.62,94.16 2 1
github.com/zajcev/gofer-mart/internal/gophermart/server/handlers/withdrawals.go:94.16,96.3 1 0
github.com/zajcev/gofer-mart/internal/gophermart/middleware/gzip.go:15.63,20.2 1 1
github.com/zajcev/gofer-mart/internal/gophermart/middleware/gzip.go:22.47,24.2 1 0
github.com/zajcev/gofer-mart/internal/gophermart/middleware/gzip.go:26.55,28.2 1 1
github.com/zajcev/gofer-mart/internal/gophermart/middleware/gzip.go:30.54,32.2 1 0
github.com/zajcev/gofer-mart/internal/gophermart/middleware/gzip.go:34.40,36.2 1 1
github.com/zajcev/gofer-mart/internal/gophermart/middleware/gzip.go:43.66,45.16 2 1
github.com/zajcev/gofer-mart/internal/gophermart/middleware/gzip.go:45.16,47.3 1 1
github.com/zajcev/gofer-mart/internal/gophermart/middleware/gzip.go:49.2,52.8 1 1
github.com/zajcev/gofer-mart/internal/gophermart/middleware/gzip.go:55.59,57.2 1 1
github.com/zajcev/gofer-mart/internal/gophermart/middleware/gzip.go:59.40,60.36 1 1
github.com/zajcev/gofer-mart/internal/gophermart/middleware/gzip.go:60.36,62.3 1 0
github.com/zajcev/gofer-mart/internal/gophermart/middleware/gzip.go:63.2,63.21 1 1
github.com/zajcev/gofer-mart/internal/gophermart/middleware/gzip.go:72.55,73.21 1 1
github.com/zajcev/gofer-mart/internal/gophermart/middleware/gzip.go:73.21,75.56 2 1
github.com/zajcev/gofer-mart/internal/gophermart/middleware/gzip.go:75.56,77.4 1 1
github.com/zajcev/gofer-mart/internal/gophermart/middleware/gzip.go:78.3,78.24 1 1
github.com/zajcev/gofer-mart/internal/gophermart/middleware/gzip.go:80.2,80.43 1 1
github.com/zajcev/gofer-mart/internal/gophermart/middleware/gzip.go:83.56,84.21 1 1
github.com/zajcev/gofer-mart/internal/gophermart/middleware/gzip.go:84.21,86.3 1 1
github.com/zajcev/gofer-mart/internal/gophermart/middleware/gzip.go:87.2,87.35 1 1
github.com/zajcev/gofer-mart/internal/gophermart/middleware/gzip.go:90.50,91.71 1 1
github.com/zajcev/gofer-mart/internal/gophermart/middleware/gzip.go:91.71,94.16 3 1
github.com/zajcev/gofer-mart/internal/gophermart/middleware/gzip.go:94.16,96.18 2 1
github.com/zajcev/gofer-mart/internal/gophermart/middleware/gzip.go:96.18,99.5 2 1
github.com/zajcev/gofer-mart/internal/gophermart/middleware/gzip.go:100.4,101.20 2 1
github.com/zajcev/gofer-mart/internal/gophermart/middleware/gzip.go:103.3,105.19 3 1
github.com/zajcev/gofer-mart/internal/gophermart/middleware/gzip.go:105.19,110.4 4 1
github.com/zajcev/gofer-mart/internal/gophermart/middleware/gzip.go:110.9,112.4 1 1
github.com/zajcev/gofer-mart/internal/gophermart/middleware/zap.go:14.62,15.71 1 1
github.com/zajcev/gofer-mart/internal/gophermart/middleware/zap.go:15.71,19.17 4 1
github.com/zajcev/gofer-mart/internal/gophermart/middleware/zap.go:19.17,22.4 2 0
github.com/zajcev/gofer-mart/internal/gophermart/middleware/zap.go:23.3,32.4 4 1
github.com/zajcev/gofer-mart/internal/gophermart/middleware/zap.go:36.60,38.2 1 1
github.com/zajcev/gofer-mart/internal/gophermart/middleware/zap.go:40.38,43.2 2 1
github.com/zajcev/gofer-mart/internal/gophermart/middleware/zap.go:45.45,47.2 1 1
github.com/zajcev/gofer-mart/internal/gophermart/model/order.go:16.32,21.31 4 1
github.com/zajcev/gofer-mart/internal/gophermart/model/order.go:21.31,23.17 2 1
github.com/zajcev/gofer-mart/internal/gophermart/model/order.go:23.17,25.4 1 1
github.com/zajcev/gofer-mart/internal/gophermart/model/order.go:26.3,26.20 1 1
github.com/zajcev/gofer-mart/internal/gophermart/model/order.go:26.20,28.17 2 1
github.com/zajcev/gofer-mart/internal/gophermart/model/order.go:28.17,30.5 1 1
github.com/zajcev/gofer-mart/internal/gophermart/model/order.go:32.3,32.15 1 1
github.com/zajcev/gofer-mart/internal/gophermart/model/order.go:35.2,35.20 1 1
github.com/zajcev/gofer-mart/internal/gophermart/config/flags.go:16.34,21.42 5 1
github.com/zajcev/gofer-mart/internal/gophermart/config/flags.go:21.42,23.3 1 0
github.com/zajcev/gofer-mart/internal/gophermart/config/flags.go:24.2,24.20 1 1
github.com/zajcev/gofer-mart/internal/gophermart/storage/accrual.go:10.79,12.16 2 1
github.com/zajcev/gofer-mart/internal/gophermart/storage/accrual.go:12.16,14.3 1 0
github.com/zajcev/gofer-mart/internal/gophermart/storage/accrual.go:15.2,15.12 1 1
github.com/zajcev/gofer-mart/internal/gophermart/storage/accrual.go:18.81,22.23 4 0
github.com/zajcev/gofer-mart/internal/gophermart/storage/accrual.go:22.23,24.3 1 0
github.com/zajcev/gofer-mart/internal/gophermart/storage/accrual.go:25.2,25.31 1 0
github.com/zajcev/gofer-mart/internal/gophermart/storage/accrual.go:25.31,27.17 2 0
github.com/zajcev/gofer-mart/internal/gophermart/storage/accrual.go:27.17,29.4 1 0
github.com/zajcev/gofer-mart/internal/gophermart/storage/accrual.go:30.3,30.27 1 0
github.com/zajcev/gofer-mart/internal/gophermart/storage/accrual.go:32.2,32.18 1 0
github.com/zajcev/gofer-mart/internal/gophermart/storage/accrual.go:35.81,37.16 2 1
github.com/zajcev/gofer-mart/internal/gophermart/storage/accrual.go:37.16,39.3 1 0
github.com/zajcev/gofer-mart/internal/gophermart/storage/accrual.go:40.2,40.22 1 1
github.com/zajcev/gofer-mart/internal/gophermart/storage/accrual.go:43.80,45.16 2 1
github.com/zajcev/gofer-mart/internal/gophermart/storage/accrual.go:45.16,47.3 1 0
github.com/zajcev/gofer-mart/internal/gophermart/storage/accrual.go:48.2,48.22 1 1
github.com/zajcev/gofer-mart/internal/gophermart/storage/balance.go:10.92,13.24 3 0
github.com/zajcev/gofer-mart/internal/gophermart/storage/balance.go:13.24,15.3 1 0
github.com/zajcev/gofer-mart/internal/gophermart/storage/balance.go:16.2,17.19 2 0
github.com/zajcev/gofer-mart/internal/gophermart/storage/balance.go:17.19,19.3 1 0
github.com/zajcev/gofer-mart/internal/gophermart/storage/balance.go:20.2,21.16 2 0
github.com/zajcev/gofer-mart/internal/gophermart/storage/balance.go:21.16,23.3 1 0
github.com/zajcev/gofer-mart/internal/gophermart/storage/balance.go:24.2,24.21 1 0
github.com/zajcev/gofer-mart/internal/gophermart/storage/balance.go:27.86,29.16 2 1
github.com/zajcev/gofer-mart/internal/gophermart/storage/balance.go:29.16,31.3 1 1
github.com/zajcev/gofer-mart/internal/gophermart/storage/balance.go:32.2,32.12 1 1
github.com/zajcev/gofer-mart/internal/gophermart/storage/migration.go:30.30,32.2 1 1
github.com/zajcev/gofer-mart/internal/gophermart/storage/migration.go:34.30,41.16 6 0
github.com/zajcev/gofer-mart/internal/gophermart/storage/migration.go:41.16,43.3 1 0
github.com/zajcev/gofer-mart/internal/gophermart/storage/migration.go:44.2,44.30 1 0
github.com/zajcev/gofer-mart/internal/gophermart/storage/migration.go:44.30,46.3 1 0
github.com/zajcev/gofer-mart/internal/gophermart/storage/migration.go:46.8,48.3 1 0
github.com/zajcev/gofer-mart/internal/gophermart/storage/orders.go:11.118,13.34 2 1
github.com/zajcev/gofer-mart/internal/gophermart/storage/orders.go:13.34,15.17 2 0
github.com/zajcev/gofer-mart/internal/gophermart/storage/orders.go:15.17,17.4 1 0
github.com/zajcev/gofer-mart/internal/gophermart/storage/orders.go:19.2,19.14 1 1
github.com/zajcev/gofer-mart/internal/gophermart/storage/orders.go:22.87,26.23 4 0
github.com/zajcev/gofer-mart/internal/gophermart/storage/orders.go:26.23,28.3 1 0
github.com/zajcev/gofer-mart/internal/gophermart/storage/orders.go:29.2,29.31 1 0
github.com/zajcev/gofer-mart/internal/gophermart/storage/orders.go:29.31,31.17 2 0
github.com/zajcev/gofer-mart/internal/gophermart/storage/orders.go:31.17,33.4 1 0
github.com/zajcev/gofer-mart/internal/gophermart/storage/orders.go:34.3,34.27 1 0
github.com/zajcev/gofer-mart/internal/gophermart/storage/orders.go:36.2,36.18 1 0
github.com/zajcev/gofer-mart/internal/gophermart/storage/orders.go:39.88,41.16 2 1
github.com/zajcev/gofer-mart/internal/gophermart/storage/orders.go:41.16,43.3 1 1
github.com/zajcev/gofer-mart/internal/gophermart/storage/orders.go:44.2,45.17 2 0
github.com/zajcev/gofer-mart/internal/gophermart/storage/orders.go:45.17,47.3 1 0
github.com/zajcev/gofer-mart/internal/gophermart/storage/orders.go:48.2,50.16 3 0
github.com/zajcev/gofer-mart/internal/gophermart/storage/orders.go:50.16,52.3 1 0
github.com/zajcev/gofer-mart/internal/gophermart/storage/orders.go:53.2,53.25 1 0
github.com/zajcev/gofer-mart/internal/gophermart/storage/orders.go:53.25,54.29 1 0
github.com/zajcev/gofer-mart/internal/gophermart/storage/orders.go:54.29,56.4 1 0
github.com/zajcev/gofer-mart/internal/gophermart/storage/orders.go:56.9,58.4 1 0
github.com/zajcev/gofer-mart/internal/gophermart/storage/orders.go:60.2,60.28 1 0
github.com/zajcev/gofer-mart/internal/gophermart/storage/user.go:12.77,14.16 2 1
github.com/zajcev/gofer-mart/internal/gophermart/storage/user.go:14.16,16.29 2 0
github.com/zajcev/gofer-mart/internal/gophermart/storage/user.go:16.29,18.4 1 0
github.com/zajcev/gofer-mart/internal/gophermart/storage/user.go:18.9,20.4 1 0
github.com/zajcev/gofer-mart/internal/gophermart/storage/user.go:24.72,26.16 2 1
github.com/zajcev/gofer-mart/internal/gophermart/storage/user.go:26.16,28.3 1 0
github.com/zajcev/gofer-mart/internal/gophermart/storage/user.go:29.2,31.17 2 1
github.com/zajcev/gofer-mart/internal/gophermart/storage/user.go:31.17,33.3 1 0
github.com/zajcev/gofer-mart/internal/gophermart/storage/user.go:35.2,35.33 1 1
github.com/zajcev/gofer-mart/internal/gophermart/storage/user.go:35.33,37.3 1 0
github.com/zajcev/gofer-mart/internal/gophermart/storage/user.go:39.2,41.16 3 1
github.com/zajcev/gofer-mart/internal/gophermart/storage/user.go:41.16,43.3 1 1
github.com/zajcev/gofer-mart/internal/gophermart/storage/user.go:45.2,45.29 1 0
github.com/zajcev/gofer-mart/internal/gophermart/storage/user.go:48.75,50.16 2 0
github.com/zajcev/gofer-mart/internal/gophermart/storage/user.go:50.16,52.3 1 0
github.com/zajcev/gofer-mart/internal/gophermart/storage/user.go:53.2,55.17 2 0
github.com/zajcev/gofer-mart/internal/gophermart/storage/user.go:55.17,57.3 1 0
github.com/zajcev/gofer-mart/internal/gophermart/storage/user.go:59.2,59.33 1 0
github.com/zajcev/gofer-mart/internal/gophermart/storage/user.go:59.33,61.3 1 0
github.com/zajcev/gofer-mart/internal/gophermart/storage/user.go:63.2,65.16 3 0
github.com/zajcev/gofer-mart/internal/gophermart/storage/user.go:65.16,67.3 1 0
github.com/zajcev/gofer-mart/internal/gophermart/storage/user.go:69.2,69.29 1 0
github.com/zajcev/gofer-mart/internal/gophermart/storage/user.go:72.87,76.16 4 1
github.com/zajcev/gofer-mart/internal/gophermart/storage/user.go:76.16,78.3 1 0
github.com/zajcev/gofer-mart/internal/gophermart/storage/user.go:79.2,79.13 1 1
github.com/zajcev/gofer-mart/internal/gophermart/storage/user.go:79.13,81.17 2 1
github.com/zajcev/gofer-mart/internal/gophermart/storage/user.go:81.17,83.30 2 0
github.com/zajcev/gofer-mart/internal/gophermart/storage/user.go:83.30,85.5 1 0
github.com/zajcev/gofer-mart/internal/gophermart/storage/user.go:85.10,87.5 1 0
github.com/zajcev/gofer-mart/internal/gophermart/storage/user.go:90.2,90.12 1 1
github.com/zajcev/gofer-mart/internal/gophermart/storage/user.go:93.79,96.24 3 1
github.com/zajcev/gofer-mart/internal/gophermart/storage/user.go:96.24,98.3 1 0
github.com/zajcev/gofer-mart/internal/gophermart/storage/user.go:99.2,100.19 2 1
github.com/zajcev/gofer-mart/internal/gophermart/storage/user.go:100.19,102.3 1 0
github.com/zajcev/gofer-mart/internal/gophermart/storage/user.go:103.2,104.16 2 1
github.com/zajcev/gofer-mart/internal/gophermart/storage/user.go:104.16,106.3 1 1
github.com/zajcev/gofer-mart/internal/gophermart/storage/user.go:107.2,107.28 1 0
github.com/zajcev/gofer-mart/internal/gophermart/storage/user.go:110.86,113.24 3 0
github.com/zajcev/gofer-mart/internal/gophermart/storage/user.go:113.24,115.3 1 0
github.com/zajcev/gofer-mart/internal/gophermart/storage/user.go:116.2,117.19 2 0
github.com/zajcev/gofer-mart/internal/gophermart/storage/user.go:117.19,119.3 1 0
github.com/zajcev/gofer-mart/internal/gophermart/storage/user.go:120.2,121.16 2 0
github.com/zajcev/gofer-mart/internal/gophermart/storage/user.go:121.16,123.3 1 0
github.com/zajcev/gofer-mart/internal/gophermart/storage/user.go:124.2,124.28 1 0
github.com/zajcev/gofer-mart/internal/gophermart/storage/withdrawals.go:11.83,13.16 2 1
github.com/zajcev/gofer-mart/internal/gophermart/storage/withdrawals.go:13.16,15.3 1 1
github.com/zajcev/gofer-mart/internal/gophermart/storage/withdrawals.go:16.2,16.22 1 0
github.com/zajcev/gofer-mart/internal/gophermart/storage/withdrawals.go:19.92,23.23 4 0
github.com/zajcev/gofer-mart/internal/gophermart/storage/withdrawals.go:23.23,25.3 1 0
github.com/zajcev/gofer-mart/internal/gophermart/storage/withdrawals.go:26.2,26.31 1 0
github.com/zajcev/gofer-mart/internal/gophermart/storage/withdrawals.go:26.31,28.17 2 0
github.com/zajcev/gofer-mart/internal/gophermart/storage/withdrawals.go:28.17,30.4 1 0
github.com/zajcev/gofer-mart/internal/gophermart/storage/withdrawals.go:31.3,31.27 1 0
github.com/zajcev/gofer-mart/internal/gophermart/storage/withdrawals.go:33.2,33.18 1 0
github.com/zajcev/gofer-mart/internal/gophermart/accrual/sync.go:25.45,27.2 1 1
github.com/zajcev/gofer-mart/internal/gophermart/accrual/sync.go:29.77,32.6 3 1
github.com/zajcev/gofer-mart/internal/gophermart/accrual/sync.go:32.6,33.10 1 1
github.com/zajcev/gofer-mart/internal/gophermart/accrual/sync.go:34.21,35.20 1 1
github.com/zajcev/gofer-mart/internal/gophermart/accrual/sync.go:36.19,38.18 2 1
github.com/zajcev/gofer-mart/internal/gophermart/accrual/sync.go:38.18,40.5 1 0
github.com/zajcev/gofer-mart/internal/gophermart/accrual/sync.go:41.4,41.27 1 1
github.com/zajcev/gofer-mart/internal/gophermart/accrual/sync.go:41.27,43.19 2 1
github.com/zajcev/gofer-mart/internal/gophermart/accrual/sync.go:43.19,45.14 2 1
github.com/zajcev/gofer-mart/internal/gophermart/accrual/sync.go:47.5,47.27 1 0
github.com/zajcev/gofer-mart/internal/gophermart/accrual/sync.go:47.27,49.37 2 0
github.com/zajcev/gofer-mart/internal/gophermart/accrual/sync.go:49.37,52.7 2 0
github.com/zajcev/gofer-mart/internal/gophermart/accrual/sync.go:59.76,62.16 3 1
github.com/zajcev/gofer-mart/internal/gophermart/accrual/sync.go:62.16,64.3 1 0
github.com/zajcev/gofer-mart/internal/gophermart/accrual/sync.go:66.2,67.16 2 1
github.com/zajcev/gofer-mart/internal/gophermart/accrual/sync.go:67.16,69.3 1 1
github.com/zajcev/gofer-mart/internal/gophermart/accrual/sync.go:70.2,70.15 1 1
github.com/zajcev/gofer-mart/internal/gophermart/accrual/sync.go:70.15,71.47 1 1
github.com/zajcev/gofer-mart/internal/gophermart/accrual/sync.go:71.47,73.4 1 0
github.com/zajcev/gofer-mart/internal/gophermart/accrual/sync.go:76.2,76.32 1 1
github.com/zajcev/gofer-mart/internal/gophermart/accrual/sync.go:76.32,78.3 1 1
github.com/zajcev/gofer-mart/internal/gophermart/accrual/sync.go:80.2,81.16 2 1
github.com/zajcev/gofer-mart/internal/gophermart/accrual/sync.go:81.16,83.3 1 0
github.com/zajcev/gofer-mart/internal/gophermart/accrual/sync.go:84.2,84.20 1 1
github.com/zajcev/gofer-mart/internal/gophermart/accrual/sync.go:84.20,86.3 1 1
github.com/zajcev/gofer-mart/internal/gophermart/accrual/sync.go:88.2,89.16 2 1
github.com/zajcev/gofer-mart/internal/gophermart/accrual/sync.go:89.16,91.3 1 0
github.com/zajcev/gofer-mart/internal/gophermart/accrual/sync.go:92.2,92.15 1 1
github.com/zajcev/gofer-mart/internal/gophermart/accrual/sync.go:95.73,97.2 1 1
github.com/zajcev/gofer-mart/internal/gophermart/accrual/sync.go:99.74,102.16 3 1
github.com/zajcev/gofer-mart/internal/gophermart/accrual/sync.go:102.16,104.3 1 1
